<?xml version="1.0" encoding="UTF-8" ?>
<testsuite tests="2" failures="0" name="tests.SeleniumTest" time="20.57" errors="2" skipped="0">
  <properties>
    <property name="java.runtime.name" value="Java(TM) SE Runtime Environment"/>
    <property name="sun.boot.library.path" value="/usr/lib/jvm/java-8-oracle/jre/lib/i386"/>
    <property name="java.vm.version" value="25.151-b12"/>
    <property name="java.vm.vendor" value="Oracle Corporation"/>
    <property name="java.vendor.url" value="http://java.oracle.com/"/>
    <property name="path.separator" value=":"/>
    <property name="guice.disable.misplaced.annotation.check" value="true"/>
    <property name="java.vm.name" value="Java HotSpot(TM) Server VM"/>
    <property name="file.encoding.pkg" value="sun.io"/>
    <property name="user.country" value="PT"/>
    <property name="sun.java.launcher" value="SUN_STANDARD"/>
    <property name="sun.os.patch.level" value="unknown"/>
    <property name="test" value="tests.SeleniumTest"/>
    <property name="java.vm.specification.name" value="Java Virtual Machine Specification"/>
    <property name="user.dir" value="/home/carolina/NetBeansProjects/CurrencyAPI"/>
    <property name="java.runtime.version" value="1.8.0_151-b12"/>
    <property name="java.awt.graphicsenv" value="sun.awt.X11GraphicsEnvironment"/>
    <property name="java.endorsed.dirs" value="/usr/lib/jvm/java-8-oracle/jre/lib/endorsed"/>
    <property name="os.arch" value="i386"/>
    <property name="java.io.tmpdir" value="/tmp"/>
    <property name="line.separator" value="
"/>
    <property name="java.vm.specification.vendor" value="Oracle Corporation"/>
    <property name="os.name" value="Linux"/>
    <property name="maven.ext.class.path" value="/usr/local/netbeans-8.2/java/maven-nblib/netbeans-eventspy.jar"/>
    <property name="classworlds.conf" value="/usr/local/netbeans-8.2/java/maven/bin/m2.conf"/>
    <property name="sun.jnu.encoding" value="UTF-8"/>
    <property name="java.library.path" value="/usr/lib/jvm/java-8-oracle/jre/lib/amd64:/usr/lib/jvm/java-8-oracle/jre/lib/i386::/usr/java/packages/lib/i386:/lib:/usr/lib"/>
    <property name="java.specification.name" value="Java Platform API Specification"/>
    <property name="java.class.version" value="52.0"/>
    <property name="sun.management.compiler" value="HotSpot Tiered Compilers"/>
    <property name="os.version" value="4.4.0-98-generic"/>
    <property name="user.home" value="/home/carolina"/>
    <property name="user.timezone" value="Europe/Lisbon"/>
    <property name="java.awt.printerjob" value="sun.print.PSPrinterJob"/>
    <property name="java.specification.version" value="1.8"/>
    <property name="file.encoding" value="UTF-8"/>
    <property name="user.name" value="carolina"/>
    <property name="java.class.path" value="/usr/local/netbeans-8.2/java/maven/boot/plexus-classworlds-2.4.jar"/>
    <property name="java.vm.specification.version" value="1.8"/>
    <property name="sun.arch.data.model" value="32"/>
    <property name="java.home" value="/usr/lib/jvm/java-8-oracle/jre"/>
    <property name="sun.java.command" value="org.codehaus.plexus.classworlds.launcher.Launcher -Dtest=tests.SeleniumTest -Dmaven.ext.class.path=/usr/local/netbeans-8.2/java/maven-nblib/netbeans-eventspy.jar surefire:test"/>
    <property name="java.specification.vendor" value="Oracle Corporation"/>
    <property name="user.language" value="pt"/>
    <property name="awt.toolkit" value="sun.awt.X11.XToolkit"/>
    <property name="java.vm.info" value="mixed mode"/>
    <property name="java.version" value="1.8.0_151"/>
    <property name="java.ext.dirs" value="/usr/lib/jvm/java-8-oracle/jre/lib/ext:/usr/java/packages/lib/ext"/>
    <property name="securerandom.source" value="file:/dev/./urandom"/>
    <property name="sun.boot.class.path" value="/usr/lib/jvm/java-8-oracle/jre/lib/resources.jar:/usr/lib/jvm/java-8-oracle/jre/lib/rt.jar:/usr/lib/jvm/java-8-oracle/jre/lib/sunrsasign.jar:/usr/lib/jvm/java-8-oracle/jre/lib/jsse.jar:/usr/lib/jvm/java-8-oracle/jre/lib/jce.jar:/usr/lib/jvm/java-8-oracle/jre/lib/charsets.jar:/usr/lib/jvm/java-8-oracle/jre/lib/jfr.jar:/usr/lib/jvm/java-8-oracle/jre/classes"/>
    <property name="java.vendor" value="Oracle Corporation"/>
    <property name="maven.home" value="/usr/local/netbeans-8.2/java/maven"/>
    <property name="file.separator" value="/"/>
    <property name="java.vendor.url.bug" value="http://bugreport.sun.com/bugreport/"/>
    <property name="sun.cpu.endian" value="little"/>
    <property name="sun.io.unicode.encoding" value="UnicodeLittle"/>
    <property name="sun.desktop" value="gnome"/>
    <property name="sun.cpu.isalist" value=""/>
  </properties>
  <testcase classname="tests.SeleniumTest" name="testUntitledTestCase" time="20.467">
    <error message="Timed out waiting for http://localhost:29855/healthz to be available after 20019 ms" type="java.lang.RuntimeException">java.lang.RuntimeException: Timed out waiting for http://localhost:29855/healthz to be available after 20019 ms
	at org.openqa.selenium.net.UrlChecker.waitUntilAvailable(UrlChecker.java:76)
	at org.openqa.selenium.chrome.ChromeDriverService.start(ChromeDriverService.java:150)
	at org.openqa.selenium.chrome.ChromeCommandExecutor.execute(ChromeCommandExecutor.java:48)
	at org.openqa.selenium.remote.RemoteWebDriver.execute(RemoteWebDriver.java:389)
	at org.openqa.selenium.remote.RemoteWebDriver.startSession(RemoteWebDriver.java:103)
	at org.openqa.selenium.remote.RemoteWebDriver.&lt;init&gt;(RemoteWebDriver.java:86)
	at org.openqa.selenium.chrome.ChromeDriver.&lt;init&gt;(ChromeDriver.java:97)
	at org.openqa.selenium.chrome.ChromeDriver.&lt;init&gt;(ChromeDriver.java:87)
	at tests.SeleniumTest.setUp(SeleniumTest.java:32)
	at sun.reflect.NativeMethodAccessorImpl.invoke0(Native Method)
	at sun.reflect.NativeMethodAccessorImpl.invoke(NativeMethodAccessorImpl.java:62)
	at sun.reflect.DelegatingMethodAccessorImpl.invoke(DelegatingMethodAccessorImpl.java:43)
	at java.lang.reflect.Method.invoke(Method.java:498)
	at org.junit.runners.model.FrameworkMethod$1.runReflectiveCall(FrameworkMethod.java:50)
	at org.junit.internal.runners.model.ReflectiveCallable.run(ReflectiveCallable.java:12)
	at org.junit.runners.model.FrameworkMethod.invokeExplosively(FrameworkMethod.java:47)
	at org.junit.internal.runners.statements.RunBefores.evaluate(RunBefores.java:24)
	at org.junit.internal.runners.statements.RunAfters.evaluate(RunAfters.java:27)
	at org.junit.runners.ParentRunner.runLeaf(ParentRunner.java:325)
	at org.junit.runners.BlockJUnit4ClassRunner.runChild(BlockJUnit4ClassRunner.java:78)
	at org.junit.runners.BlockJUnit4ClassRunner.runChild(BlockJUnit4ClassRunner.java:57)
	at org.junit.runners.ParentRunner$3.run(ParentRunner.java:290)
	at org.junit.runners.ParentRunner$1.schedule(ParentRunner.java:71)
	at org.junit.runners.ParentRunner.runChildren(ParentRunner.java:288)
	at org.junit.runners.ParentRunner.access$000(ParentRunner.java:58)
	at org.junit.runners.ParentRunner$2.evaluate(ParentRunner.java:268)
	at org.junit.runners.ParentRunner.run(ParentRunner.java:363)
	at org.apache.maven.surefire.junit4.JUnit4TestSet.execute(JUnit4TestSet.java:53)
	at org.apache.maven.surefire.junit4.JUnit4Provider.executeTestSet(JUnit4Provider.java:123)
	at org.apache.maven.surefire.junit4.JUnit4Provider.invoke(JUnit4Provider.java:104)
	at sun.reflect.NativeMethodAccessorImpl.invoke0(Native Method)
	at sun.reflect.NativeMethodAccessorImpl.invoke(NativeMethodAccessorImpl.java:62)
	at sun.reflect.DelegatingMethodAccessorImpl.invoke(DelegatingMethodAccessorImpl.java:43)
	at java.lang.reflect.Method.invoke(Method.java:498)
	at org.apache.maven.surefire.util.ReflectionUtils.invokeMethodWithArray(ReflectionUtils.java:164)
	at org.apache.maven.surefire.booter.ProviderFactory$ProviderProxy.invoke(ProviderFactory.java:110)
	at org.apache.maven.surefire.booter.SurefireStarter.invokeProvider(SurefireStarter.java:175)
	at org.apache.maven.surefire.booter.SurefireStarter.runSuitesInProcessWhenForked(SurefireStarter.java:107)
	at org.apache.maven.surefire.booter.ForkedBooter.main(ForkedBooter.java:68)
</error>
    <system-out>Starting ChromeDriver 2.33.506178 (69ae10f91723897591ef1a3b465aa5d35011eb5e) on port 29855
Only local connections are allowed.
</system-out>
    <system-err>abr 27, 2018 11:18:56 PM org.openqa.selenium.net.UrlChecker waitUntilAvailable
INFO: Waiting for http://localhost:29855/healthz
abr 27, 2018 11:18:56 PM org.openqa.selenium.net.UrlChecker$1 call
INFO: Polling http://localhost:29855/healthz
abr 27, 2018 11:18:57 PM org.openqa.selenium.net.UrlChecker$1 call
INFO: Polling http://localhost:29855/healthz
abr 27, 2018 11:18:57 PM org.openqa.selenium.net.UrlChecker$1 call
INFO: Polling http://localhost:29855/healthz
abr 27, 2018 11:18:58 PM org.openqa.selenium.net.UrlChecker$1 call
INFO: Polling http://localhost:29855/healthz
abr 27, 2018 11:18:58 PM org.openqa.selenium.net.UrlChecker$1 call
INFO: Polling http://localhost:29855/healthz
abr 27, 2018 11:18:59 PM org.openqa.selenium.net.UrlChecker$1 call
INFO: Polling http://localhost:29855/healthz
abr 27, 2018 11:18:59 PM org.openqa.selenium.net.UrlChecker$1 call
INFO: Polling http://localhost:29855/healthz
abr 27, 2018 11:19:00 PM org.openqa.selenium.net.UrlChecker$1 call
INFO: Polling http://localhost:29855/healthz
abr 27, 2018 11:19:00 PM org.openqa.selenium.net.UrlChecker$1 call
INFO: Polling http://localhost:29855/healthz
abr 27, 2018 11:19:01 PM org.openqa.selenium.net.UrlChecker$1 call
INFO: Polling http://localhost:29855/healthz
abr 27, 2018 11:19:01 PM org.openqa.selenium.net.UrlChecker$1 call
INFO: Polling http://localhost:29855/healthz
abr 27, 2018 11:19:02 PM org.openqa.selenium.net.UrlChecker$1 call
INFO: Polling http://localhost:29855/healthz
abr 27, 2018 11:19:02 PM org.openqa.selenium.net.UrlChecker$1 call
INFO: Polling http://localhost:29855/healthz
abr 27, 2018 11:19:03 PM org.openqa.selenium.net.UrlChecker$1 call
INFO: Polling http://localhost:29855/healthz
abr 27, 2018 11:19:03 PM org.openqa.selenium.net.UrlChecker$1 call
INFO: Polling http://localhost:29855/healthz
abr 27, 2018 11:19:04 PM org.openqa.selenium.net.UrlChecker$1 call
INFO: Polling http://localhost:29855/healthz
abr 27, 2018 11:19:04 PM org.openqa.selenium.net.UrlChecker$1 call
INFO: Polling http://localhost:29855/healthz
abr 27, 2018 11:19:05 PM org.openqa.selenium.net.UrlChecker$1 call
INFO: Polling http://localhost:29855/healthz
abr 27, 2018 11:19:05 PM org.openqa.selenium.net.UrlChecker$1 call
INFO: Polling http://localhost:29855/healthz
abr 27, 2018 11:19:06 PM org.openqa.selenium.net.UrlChecker$1 call
INFO: Polling http://localhost:29855/healthz
abr 27, 2018 11:19:06 PM org.openqa.selenium.net.UrlChecker$1 call
INFO: Polling http://localhost:29855/healthz
abr 27, 2018 11:19:07 PM org.openqa.selenium.net.UrlChecker$1 call
INFO: Polling http://localhost:29855/healthz
abr 27, 2018 11:19:07 PM org.openqa.selenium.net.UrlChecker$1 call
INFO: Polling http://localhost:29855/healthz
abr 27, 2018 11:19:08 PM org.openqa.selenium.net.UrlChecker$1 call
INFO: Polling http://localhost:29855/healthz
abr 27, 2018 11:19:08 PM org.openqa.selenium.net.UrlChecker$1 call
INFO: Polling http://localhost:29855/healthz
abr 27, 2018 11:19:09 PM org.openqa.selenium.net.UrlChecker$1 call
INFO: Polling http://localhost:29855/healthz
abr 27, 2018 11:19:09 PM org.openqa.selenium.net.UrlChecker$1 call
INFO: Polling http://localhost:29855/healthz
abr 27, 2018 11:19:10 PM org.openqa.selenium.net.UrlChecker$1 call
INFO: Polling http://localhost:29855/healthz
abr 27, 2018 11:19:10 PM org.openqa.selenium.net.UrlChecker$1 call
INFO: Polling http://localhost:29855/healthz
abr 27, 2018 11:19:11 PM org.openqa.selenium.net.UrlChecker$1 call
INFO: Polling http://localhost:29855/healthz
abr 27, 2018 11:19:11 PM org.openqa.selenium.net.UrlChecker$1 call
INFO: Polling http://localhost:29855/healthz
abr 27, 2018 11:19:12 PM org.openqa.selenium.net.UrlChecker$1 call
INFO: Polling http://localhost:29855/healthz
abr 27, 2018 11:19:12 PM org.openqa.selenium.net.UrlChecker$1 call
INFO: Polling http://localhost:29855/healthz
abr 27, 2018 11:19:13 PM org.openqa.selenium.net.UrlChecker$1 call
INFO: Polling http://localhost:29855/healthz
abr 27, 2018 11:19:13 PM org.openqa.selenium.net.UrlChecker$1 call
INFO: Polling http://localhost:29855/healthz
abr 27, 2018 11:19:14 PM org.openqa.selenium.net.UrlChecker$1 call
INFO: Polling http://localhost:29855/healthz
abr 27, 2018 11:19:14 PM org.openqa.selenium.net.UrlChecker$1 call
INFO: Polling http://localhost:29855/healthz
abr 27, 2018 11:19:15 PM org.openqa.selenium.net.UrlChecker$1 call
INFO: Polling http://localhost:29855/healthz
abr 27, 2018 11:19:15 PM org.openqa.selenium.net.UrlChecker$1 call
INFO: Polling http://localhost:29855/healthz
abr 27, 2018 11:19:16 PM org.openqa.selenium.net.UrlChecker$1 call
INFO: Polling http://localhost:29855/healthz
</system-err>
  </testcase>
  <testcase classname="tests.SeleniumTest" name="testUntitledTestCase" time="20.468">
    <error type="java.lang.NullPointerException">java.lang.NullPointerException
	at tests.SeleniumTest.tearDown(SeleniumTest.java:52)
	at sun.reflect.NativeMethodAccessorImpl.invoke0(Native Method)
	at sun.reflect.NativeMethodAccessorImpl.invoke(NativeMethodAccessorImpl.java:62)
	at sun.reflect.DelegatingMethodAccessorImpl.invoke(DelegatingMethodAccessorImpl.java:43)
	at java.lang.reflect.Method.invoke(Method.java:498)
	at org.junit.runners.model.FrameworkMethod$1.runReflectiveCall(FrameworkMethod.java:50)
	at org.junit.internal.runners.model.ReflectiveCallable.run(ReflectiveCallable.java:12)
	at org.junit.runners.model.FrameworkMethod.invokeExplosively(FrameworkMethod.java:47)
	at org.junit.internal.runners.statements.RunAfters.evaluate(RunAfters.java:33)
	at org.junit.runners.ParentRunner.runLeaf(ParentRunner.java:325)
	at org.junit.runners.BlockJUnit4ClassRunner.runChild(BlockJUnit4ClassRunner.java:78)
	at org.junit.runners.BlockJUnit4ClassRunner.runChild(BlockJUnit4ClassRunner.java:57)
	at org.junit.runners.ParentRunner$3.run(ParentRunner.java:290)
	at org.junit.runners.ParentRunner$1.schedule(ParentRunner.java:71)
	at org.junit.runners.ParentRunner.runChildren(ParentRunner.java:288)
	at org.junit.runners.ParentRunner.access$000(ParentRunner.java:58)
	at org.junit.runners.ParentRunner$2.evaluate(ParentRunner.java:268)
	at org.junit.runners.ParentRunner.run(ParentRunner.java:363)
	at org.apache.maven.surefire.junit4.JUnit4TestSet.execute(JUnit4TestSet.java:53)
	at org.apache.maven.surefire.junit4.JUnit4Provider.executeTestSet(JUnit4Provider.java:123)
	at org.apache.maven.surefire.junit4.JUnit4Provider.invoke(JUnit4Provider.java:104)
	at sun.reflect.NativeMethodAccessorImpl.invoke0(Native Method)
	at sun.reflect.NativeMethodAccessorImpl.invoke(NativeMethodAccessorImpl.java:62)
	at sun.reflect.DelegatingMethodAccessorImpl.invoke(DelegatingMethodAccessorImpl.java:43)
	at java.lang.reflect.Method.invoke(Method.java:498)
	at org.apache.maven.surefire.util.ReflectionUtils.invokeMethodWithArray(ReflectionUtils.java:164)
	at org.apache.maven.surefire.booter.ProviderFactory$ProviderProxy.invoke(ProviderFactory.java:110)
	at org.apache.maven.surefire.booter.SurefireStarter.invokeProvider(SurefireStarter.java:175)
	at org.apache.maven.surefire.booter.SurefireStarter.runSuitesInProcessWhenForked(SurefireStarter.java:107)
	at org.apache.maven.surefire.booter.ForkedBooter.main(ForkedBooter.java:68)
</error>
  </testcase>
</testsuite>